2025-02-10 23:03:04,302 - INFO - Starting website change detector...
2025-02-10 23:03:04,302 - INFO - Checking for changes...
2025-02-10 23:03:04,640 - INFO - No changes on https://jeemain.nta.nic.in/results-for-jeemain-2025-session-1/.
2025-02-10 23:03:04,804 - ERROR - Error fetching https://jeemain.nta.nic.in/results-for-jeemain-2025-session-1/link: 500 Server Error: Internal Server Error for url: https://jeemain.nta.nic.in/results-for-jeemain-2025-session-1/link
2025-02-10 23:03:32,165 - INFO - Script stopped by user.
2025-02-10 23:05:47,284 - INFO - Starting website change detector...
2025-02-10 23:05:47,284 - INFO - Checking for changes...
2025-02-10 23:05:48,429 - INFO - No changes on https://jeemain.nta.nic.in/results-for-jeemain-2025-session-1/.
2025-02-10 23:05:52,956 - ERROR - Error fetching https://jeemain.nta.nic.in/results-for-jeemain-2025-session-1/link: 500 Server Error: Internal Server Error for url: https://jeemain.nta.nic.in/results-for-jeemain-2025-session-1/link
2025-02-10 23:05:53,709 - INFO - Script stopped by user.
2025-02-10 23:06:35,680 - INFO - Starting website change detector...
2025-02-10 23:06:35,680 - INFO - Checking for changes...
2025-02-10 23:06:36,315 - INFO - Change detected on https://jeemain.nta.nic.in/results-for-jeemain-2025-session-1/!
2025-02-10 23:06:40,758 - INFO - Email notification sent!
2025-02-10 23:06:40,904 - ERROR - Error fetching https://jeemain.nta.nic.in/results-for-jeemain-2025-session-1/link: 500 Server Error: Internal Server Error for url: https://jeemain.nta.nic.in/results-for-jeemain-2025-session-1/link
2025-02-10 23:06:42,441 - INFO - Script stopped by user.
2025-02-10 23:07:03,406 - INFO - Starting website change detector...
2025-02-10 23:07:03,406 - INFO - Checking for changes...
2025-02-10 23:07:03,610 - INFO - Change detected on https://jeemain.nta.nic.in/results-for-jeemain-2025-session-1/!
2025-02-10 23:07:06,957 - ERROR - Error sending email: (250, b'2.0.0 OK  1739209026 d9443c01a7336-21f368d2dc7sm81812725ad.251 - gsmtp')
2025-02-10 23:07:07,084 - ERROR - Error fetching https://jeemain.nta.nic.in/results-for-jeemain-2025-session-1/link: 500 Server Error: Internal Server Error for url: https://jeemain.nta.nic.in/results-for-jeemain-2025-session-1/link
2025-02-10 23:07:07,645 - INFO - Script stopped by user.
2025-02-11 01:15:03,975 - INFO - Starting website change detector...
2025-02-11 01:15:03,975 - INFO - Checking for changes...
2025-02-11 01:15:04,370 - INFO - Change detected on https://jeemain.nta.nic.in/results-for-jeemain-2025-session-1/!
2025-02-11 01:15:09,973 - INFO - Email notification sent!
2025-02-11 01:15:10,137 - ERROR - Error fetching https://jeemain.nta.nic.in/results-for-jeemain-2025-session-1/link: 500 Server Error: Internal Server Error for url: https://jeemain.nta.nic.in/results-for-jeemain-2025-session-1/link
2025-02-11 01:15:39,322 - INFO - Script stopped by user.
2025-02-11 01:16:47,831 - INFO - Starting website change detector...
2025-02-11 01:16:47,831 - INFO - Checking for changes...
2025-02-11 01:16:48,505 - INFO - Change detected on https://jeemain.nta.nic.in/results-for-jeemain-2025-session-1/!
2025-02-11 01:16:51,737 - ERROR - Error sending email: (250, b'2.1.0 OK d9443c01a7336-21f3653cbbasm83046755ad.79 - gsmtp')
2025-02-11 01:16:51,855 - ERROR - Error fetching https://jeemain.nta.nic.in/results-for-jeemain-2025-session-1/link: 500 Server Error: Internal Server Error for url: https://jeemain.nta.nic.in/results-for-jeemain-2025-session-1/link
2025-02-11 01:16:52,763 - INFO - Script stopped by user.
